<?xml version="1.0" encoding="UTF-8"?>
<testng-results ignored="0" total="1" passed="1" failed="0" skipped="0">
  <reporter-output>
  </reporter-output>
  <suite started-at="2024-03-14T22:48:26 IST" name="Default suite" finished-at="2024-03-14T22:48:40 IST" duration-ms="14011">
    <groups>
    </groups>
    <test started-at="2024-03-14T22:48:26 IST" name="Default test" finished-at="2024-03-14T22:48:40 IST" duration-ms="14011">
      <class name="Project_Amazon.Amazon.TestCase_4">
        <test-method is-config="true" signature="login()[pri:0, instance:Project_Amazon.Amazon.TestCase_4@6e171cd7]" started-at="2024-03-14T22:48:26 IST" name="login" finished-at="2024-03-14T22:48:31 IST" duration-ms="5168" status="PASS">
          <reporter-output>
          </reporter-output>
        </test-method> <!-- login -->
        <test-method signature="edit_profile()[pri:0, instance:Project_Amazon.Amazon.TestCase_4@6e171cd7]" started-at="2024-03-14T22:48:31 IST" name="edit_profile" finished-at="2024-03-14T22:48:40 IST" duration-ms="8810" status="PASS">
          <reporter-output>
          </reporter-output>
        </test-method> <!-- edit_profile -->
        <test-method is-config="true" signature="close()[pri:0, instance:Project_Amazon.Amazon.TestCase_4@6e171cd7]" started-at="2024-03-14T22:48:40 IST" name="close" finished-at="2024-03-14T22:48:40 IST" duration-ms="0" status="PASS">
          <reporter-output>
          </reporter-output>
        </test-method> <!-- close -->
      </class> <!-- Project_Amazon.Amazon.TestCase_4 -->
    </test> <!-- Default test -->
  </suite> <!-- Default suite -->
</testng-results>
